<?xml version="1.0" encoding="UTF-8"?>
<testng-results ignored="0" total="1" passed="1" failed="0" skipped="0">
  <reporter-output>
  </reporter-output>
  <suite started-at="2022-07-29T15:31:25 IST" name="Suite" finished-at="2022-07-29T15:32:02 IST" duration-ms="37279">
    <groups>
    </groups>
    <test started-at="2022-07-29T15:31:25 IST" name="Test" finished-at="2022-07-29T15:32:02 IST" duration-ms="37279">
      <class name="iRCTCExample.IRCTCtest">
        <test-method is-config="true" signature="launchsite()[pri:0, instance:iRCTCExample.IRCTCtest@4ef37659]" started-at="2022-07-29T15:31:25 IST" name="launchsite" finished-at="2022-07-29T15:31:36 IST" duration-ms="11677" status="PASS">
          <reporter-output>
          </reporter-output>
        </test-method> <!-- launchsite -->
        <test-method signature="logincheck()[pri:0, instance:iRCTCExample.IRCTCtest@4ef37659]" started-at="2022-07-29T15:31:36 IST" name="logincheck" finished-at="2022-07-29T15:32:00 IST" duration-ms="23773" status="PASS">
          <reporter-output>
          </reporter-output>
        </test-method> <!-- logincheck -->
        <test-method is-config="true" signature="closesite()[pri:0, instance:iRCTCExample.IRCTCtest@4ef37659]" started-at="2022-07-29T15:32:00 IST" name="closesite" finished-at="2022-07-29T15:32:02 IST" duration-ms="1584" status="PASS">
          <reporter-output>
          </reporter-output>
        </test-method> <!-- closesite -->
      </class> <!-- iRCTCExample.IRCTCtest -->
    </test> <!-- Test -->
  </suite> <!-- Suite -->
</testng-results>
