<?xml version="1.0" encoding="UTF-8"?>
<testng-results ignored="0" total="1" passed="1" failed="0" skipped="0">
  <reporter-output>
  </reporter-output>
  <suite started-at="2022-07-29T15:19:19 IST" name="Suite" finished-at="2022-07-29T15:19:20 IST" duration-ms="755">
    <groups>
    </groups>
    <test started-at="2022-07-29T15:19:19 IST" name="Test" finished-at="2022-07-29T15:19:20 IST" duration-ms="755">
      <class name="readingExcel_File.BaseClass">
        <test-method signature="read()[pri:0, instance:readingExcel_File.BaseClass@1a4013]" started-at="2022-07-29T15:19:19 IST" name="read" finished-at="2022-07-29T15:19:20 IST" duration-ms="679" status="PASS">
          <reporter-output>
          </reporter-output>
        </test-method> <!-- read -->
      </class> <!-- readingExcel_File.BaseClass -->
    </test> <!-- Test -->
  </suite> <!-- Suite -->
</testng-results>
